<?xml version="1.0" encoding="UTF-8"?>
<!-- Generated by org.testng.reporters.JUnitXMLReporter -->
<testsuite ignored="0" hostname="mukthara-a01.vmware.com" failures="0" tests="4" name="Surefire test" time="0.948" errors="0" timestamp="2020-10-01T13:51:24 IST">
  <testcase classname="com.platform.core.TestsUser" name="TestUserById" time="0.118"/>
  <testcase classname="com.platform.core.TestsUser" name="TestUserCacheQuery" time="0.037"/>
  <testcase classname="com.platform.core.TestsUser" name="TestUserChangingSchema" time="0.139"/>
  <testcase classname="com.platform.core.TestsUser" name="TestUserRegistration" time="0.02"/>
</testsuite> <!-- Surefire test -->
