<?xml version="1.0" encoding="UTF-8"?>
<testng-results ignored="0" total="1" passed="1" failed="0" skipped="0">
  <reporter-output>
  </reporter-output>
  <suite started-at="2020-10-01T13:51:21 IST" name="Surefire suite" finished-at="2020-10-01T13:51:22 IST" duration-ms="718">
    <groups>
    </groups>
    <test started-at="2020-10-01T13:51:21 IST" name="Surefire test" finished-at="2020-10-01T13:51:22 IST" duration-ms="718">
      <class name="com.muks.redis.TestRedis">
        <test-method signature="testSanity()[pri:0, instance:com.muks.redis.TestRedis@c267ef4]" started-at="2020-10-01T13:51:21 IST" name="testSanity" finished-at="2020-10-01T13:51:22 IST" duration-ms="695" status="PASS">
          <reporter-output>
          </reporter-output>
        </test-method> <!-- testSanity -->
      </class> <!-- com.muks.redis.TestRedis -->
    </test> <!-- Surefire test -->
  </suite> <!-- Surefire suite -->
</testng-results>
