<?xml version="1.0" encoding="UTF-8"?>
<testng-results ignored="0" total="4" passed="4" failed="0" skipped="0">
  <reporter-output>
  </reporter-output>
  <suite started-at="2020-10-01T13:51:23 IST" name="Surefire suite" finished-at="2020-10-01T13:51:24 IST" duration-ms="948">
    <groups>
    </groups>
    <test started-at="2020-10-01T13:51:23 IST" name="Surefire test" finished-at="2020-10-01T13:51:24 IST" duration-ms="948">
      <class name="com.platform.core.TestsUser">
        <test-method is-config="true" signature="initCache()[pri:0, instance:com.platform.core.TestsUser@3d74bf60]" started-at="2020-10-01T13:51:23 IST" name="initCache" finished-at="2020-10-01T13:51:24 IST" duration-ms="577" status="PASS">
          <reporter-output>
          </reporter-output>
        </test-method> <!-- initCache -->
        <test-method signature="TestUserById()[pri:0, instance:com.platform.core.TestsUser@3d74bf60]" started-at="2020-10-01T13:51:24 IST" name="TestUserById" finished-at="2020-10-01T13:51:24 IST" duration-ms="118" status="PASS">
          <reporter-output>
          </reporter-output>
        </test-method> <!-- TestUserById -->
        <test-method signature="TestUserCacheQuery()[pri:0, instance:com.platform.core.TestsUser@3d74bf60]" started-at="2020-10-01T13:51:24 IST" name="TestUserCacheQuery" finished-at="2020-10-01T13:51:24 IST" duration-ms="37" status="PASS">
          <reporter-output>
          </reporter-output>
        </test-method> <!-- TestUserCacheQuery -->
        <test-method signature="TestUserChangingSchema()[pri:0, instance:com.platform.core.TestsUser@3d74bf60]" started-at="2020-10-01T13:51:24 IST" name="TestUserChangingSchema" finished-at="2020-10-01T13:51:24 IST" duration-ms="139" status="PASS">
          <reporter-output>
          </reporter-output>
        </test-method> <!-- TestUserChangingSchema -->
        <test-method signature="TestUserRegistration()[pri:0, instance:com.platform.core.TestsUser@3d74bf60]" started-at="2020-10-01T13:51:24 IST" name="TestUserRegistration" finished-at="2020-10-01T13:51:24 IST" duration-ms="20" status="PASS">
          <reporter-output>
          </reporter-output>
        </test-method> <!-- TestUserRegistration -->
        <test-method is-config="true" signature="killCache()[pri:0, instance:com.platform.core.TestsUser@3d74bf60]" started-at="2020-10-01T13:51:24 IST" name="killCache" finished-at="2020-10-01T13:51:24 IST" duration-ms="37" status="PASS">
          <reporter-output>
          </reporter-output>
        </test-method> <!-- killCache -->
      </class> <!-- com.platform.core.TestsUser -->
    </test> <!-- Surefire test -->
  </suite> <!-- Surefire suite -->
</testng-results>
